<?xml version="1.0" encoding="UTF-8"?>
<robot generator="Robot 3.2.1 (Python 3.8.3 on darwin)" generated="20200910 13:44:59.260" rpa="false">
<suite id="s1" name="BasicSearch" source="/Users/loitq/PycharmProjects/robot/demo/BasicSearch.robot">
<test id="s1-t1" name="Verify basic search functionally for eBay">
<kw name="Open Browser To Login Page">
<kw name="Open Browser" library="SeleniumLibrary">
<doc>Opens a new browser instance to the optional ``url``.</doc>
<arguments>
<arg>${LOGIN URL}</arg>
<arg>${BROWSER}</arg>
</arguments>
<msg timestamp="20200910 13:44:59.469" level="INFO">Opening browser 'Chrome' to base url 'https://staging.kyna.vn'.</msg>
<status status="PASS" starttime="20200910 13:44:59.469" endtime="20200910 13:45:05.179"></status>
</kw>
<status status="PASS" starttime="20200910 13:44:59.469" endtime="20200910 13:45:05.179"></status>
</kw>
<kw name="Turn off pop up">
<kw name="Wait Until Element Is Visible" library="SeleniumLibrary">
<doc>Waits until the element ``locator`` is visible.</doc>
<arguments>
<arg>//a[@title='Close']</arg>
</arguments>
<status status="PASS" starttime="20200910 13:45:05.180" endtime="20200910 13:45:06.425"></status>
</kw>
<kw name="Click Element" library="SeleniumLibrary">
<doc>Click the element identified by ``locator``.</doc>
<arguments>
<arg>//a[@title='Close']</arg>
</arguments>
<msg timestamp="20200910 13:45:06.425" level="INFO">Clicking element '//a[@title='Close']'.</msg>
<status status="PASS" starttime="20200910 13:45:06.425" endtime="20200910 13:45:06.537"></status>
</kw>
<status status="PASS" starttime="20200910 13:45:05.180" endtime="20200910 13:45:06.538"></status>
</kw>
<kw name="Login with username and password">
<kw name="Wait Until Element Is Visible" library="SeleniumLibrary">
<doc>Waits until the element ``locator`` is visible.</doc>
<arguments>
<arg>//a[@class='button-login header-login']</arg>
</arguments>
<status status="PASS" starttime="20200910 13:45:06.538" endtime="20200910 13:45:06.607"></status>
</kw>
<kw name="Click Element" library="SeleniumLibrary">
<doc>Click the element identified by ``locator``.</doc>
<arguments>
<arg>//a[@class='button-login header-login']</arg>
</arguments>
<msg timestamp="20200910 13:45:06.607" level="INFO">Clicking element '//a[@class='button-login header-login']'.</msg>
<status status="PASS" starttime="20200910 13:45:06.607" endtime="20200910 13:45:07.009"></status>
</kw>
<status status="PASS" starttime="20200910 13:45:06.538" endtime="20200910 13:45:07.009"></status>
</kw>
<kw name="Turn off Browser">
<kw name="Close Browser" library="SeleniumLibrary">
<doc>Closes the current browser.</doc>
<status status="PASS" starttime="20200910 13:45:07.010" endtime="20200910 13:45:07.166"></status>
</kw>
<status status="PASS" starttime="20200910 13:45:07.009" endtime="20200910 13:45:07.166"></status>
</kw>
<status status="PASS" starttime="20200910 13:44:59.468" endtime="20200910 13:45:07.166" critical="yes"></status>
</test>
<doc>Basic Search</doc>
<status status="PASS" starttime="20200910 13:44:59.262" endtime="20200910 13:45:07.168"></status>
</suite>
<statistics>
<total>
<stat pass="1" fail="0">Critical Tests</stat>
<stat pass="1" fail="0">All Tests</stat>
</total>
<tag>
</tag>
<suite>
<stat pass="1" fail="0" id="s1" name="BasicSearch">BasicSearch</stat>
</suite>
</statistics>
<errors>
</errors>
</robot>
